{"C:\\Projets Divers\\Workspace\\iSuivCump\\projects\\auth\\src\\index.ts": {"path":"C:\\Projets Divers\\Workspace\\iSuivCump\\projects\\auth\\src\\index.ts","statementMap":{"0":{"start":{"line":1,"column":0},"end":{"line":1,"column":30}},"1":{"start":{"line":2,"column":0},"end":{"line":2,"column":41}},"2":{"start":{"line":3,"column":0},"end":{"line":3,"column":43}},"3":{"start":{"line":4,"column":0},"end":{"line":4,"column":46}},"4":{"start":{"line":5,"column":0},"end":{"line":5,"column":46}},"5":{"start":{"line":6,"column":0},"end":{"line":6,"column":46}},"6":{"start":{"line":8,"column":12},"end":{"line":8,"column":21}},"7":{"start":{"line":9,"column":13},"end":{"line":9,"column":37}},"8":{"start":{"line":11,"column":0},"end":{"line":11,"column":24}},"9":{"start":{"line":14,"column":23},"end":{"line":43,"column":2}},"10":{"start":{"line":45,"column":20},"end":{"line":45,"column":48}},"11":{"start":{"line":46,"column":0},"end":{"line":46,"column":68}},"12":{"start":{"line":49,"column":0},"end":{"line":49,"column":33}},"13":{"start":{"line":50,"column":0},"end":{"line":50,"column":34}},"14":{"start":{"line":51,"column":0},"end":{"line":51,"column":34}},"15":{"start":{"line":54,"column":0},"end":{"line":59,"column":1}},"16":{"start":{"line":55,"column":2},"end":{"line":58,"column":5}},"17":{"start":{"line":56,"column":4},"end":{"line":56,"column":65}},"18":{"start":{"line":57,"column":4},"end":{"line":57,"column":79}},"19":{"start":{"line":61,"column":0},"end":{"line":61,"column":19}}},"fnMap":{"0":{"name":"(anonymous_1)","decl":{"start":{"line":55,"column":19},"end":{"line":55,"column":22}},"loc":{"start":{"line":55,"column":24},"end":{"line":58,"column":3}}}},"branchMap":{"0":{"loc":{"start":{"line":9,"column":13},"end":{"line":9,"column":37}},"type":"binary-expr","locations":[{"start":{"line":9,"column":13},"end":{"line":9,"column":29}},{"start":{"line":9,"column":33},"end":{"line":9,"column":37}}]},"1":{"loc":{"start":{"line":54,"column":0},"end":{"line":59,"column":1}},"type":"if","locations":[{"start":{"line":54,"column":0},"end":{"line":59,"column":1}}]}},"s":{"0":3,"1":3,"2":3,"3":3,"4":3,"5":3,"6":3,"7":3,"8":3,"9":3,"10":3,"11":3,"12":3,"13":3,"14":3,"15":3,"16":0,"17":0,"18":0,"19":3},"f":{"0":0},"b":{"0":[3,3],"1":[0]}}
,"C:\\Projets Divers\\Workspace\\iSuivCump\\projects\\auth\\src\\config\\prisma.ts": {"path":"C:\\Projets Divers\\Workspace\\iSuivCump\\projects\\auth\\src\\config\\prisma.ts","statementMap":{"0":{"start":{"line":1,"column":0},"end":{"line":1,"column":46}},"1":{"start":{"line":3,"column":15},"end":{"line":3,"column":33}},"2":{"start":{"line":4,"column":0},"end":{"line":4,"column":22}}},"fnMap":{},"branchMap":{},"s":{"0":3,"1":3,"2":3},"f":{},"b":{}}
,"C:\\Projets Divers\\Workspace\\iSuivCump\\projects\\auth\\src\\controllers\\auth.controller.ts": {"path":"C:\\Projets Divers\\Workspace\\iSuivCump\\projects\\auth\\src\\controllers\\auth.controller.ts","statementMap":{"0":{"start":{"line":2,"column":0},"end":{"line":2,"column":30}},"1":{"start":{"line":3,"column":0},"end":{"line":3,"column":31}},"2":{"start":{"line":4,"column":0},"end":{"line":4,"column":43}},"3":{"start":{"line":5,"column":0},"end":{"line":5,"column":61}},"4":{"start":{"line":6,"column":24},"end":{"line":59,"column":2}},"5":{"start":{"line":6,"column":77},"end":{"line":59,"column":2}},"6":{"start":{"line":7,"column":33},"end":{"line":7,"column":41}},"7":{"start":{"line":9,"column":2},"end":{"line":12,"column":3}},"8":{"start":{"line":10,"column":4},"end":{"line":10,"column":76}},"9":{"start":{"line":11,"column":4},"end":{"line":11,"column":11}},"10":{"start":{"line":15,"column":24},"end":{"line":15,"column":50}},"11":{"start":{"line":16,"column":2},"end":{"line":19,"column":3}},"12":{"start":{"line":17,"column":4},"end":{"line":17,"column":53}},"13":{"start":{"line":18,"column":4},"end":{"line":18,"column":11}},"14":{"start":{"line":21,"column":2},"end":{"line":58,"column":3}},"15":{"start":{"line":23,"column":25},"end":{"line":25,"column":6}},"16":{"start":{"line":27,"column":4},"end":{"line":30,"column":5}},"17":{"start":{"line":28,"column":6},"end":{"line":28,"column":67}},"18":{"start":{"line":29,"column":6},"end":{"line":29,"column":13}},"19":{"start":{"line":33,"column":17},"end":{"line":35,"column":6}},"20":{"start":{"line":37,"column":4},"end":{"line":40,"column":5}},"21":{"start":{"line":38,"column":6},"end":{"line":38,"column":63}},"22":{"start":{"line":39,"column":6},"end":{"line":39,"column":13}},"23":{"start":{"line":43,"column":27},"end":{"line":43,"column":58}},"24":{"start":{"line":44,"column":17},"end":{"line":50,"column":6}},"25":{"start":{"line":53,"column":5},"end":{"line":53,"column":77}},"26":{"start":{"line":54,"column":5},"end":{"line":54,"column":12}},"27":{"start":{"line":56,"column":4},"end":{"line":56,"column":87}},"28":{"start":{"line":57,"column":4},"end":{"line":57,"column":11}},"29":{"start":{"line":6,"column":13},"end":{"line":6,"column":24}},"30":{"start":{"line":62,"column":21},"end":{"line":102,"column":2}},"31":{"start":{"line":62,"column":74},"end":{"line":102,"column":2}},"32":{"start":{"line":63,"column":33},"end":{"line":63,"column":41}},"33":{"start":{"line":65,"column":2},"end":{"line":68,"column":3}},"34":{"start":{"line":66,"column":4},"end":{"line":66,"column":76}},"35":{"start":{"line":67,"column":4},"end":{"line":67,"column":11}},"36":{"start":{"line":70,"column":2},"end":{"line":101,"column":3}},"37":{"start":{"line":72,"column":17},"end":{"line":81,"column":6}},"38":{"start":{"line":82,"column":4},"end":{"line":85,"column":5}},"39":{"start":{"line":83,"column":6},"end":{"line":83,"column":63}},"40":{"start":{"line":84,"column":6},"end":{"line":84,"column":13}},"41":{"start":{"line":88,"column":28},"end":{"line":88,"column":73}},"42":{"start":{"line":89,"column":4},"end":{"line":92,"column":5}},"43":{"start":{"line":90,"column":6},"end":{"line":90,"column":63}},"44":{"start":{"line":91,"column":6},"end":{"line":91,"column":13}},"45":{"start":{"line":95,"column":18},"end":{"line":95,"column":81}},"46":{"start":{"line":96,"column":4},"end":{"line":96,"column":36}},"47":{"start":{"line":97,"column":4},"end":{"line":97,"column":11}},"48":{"start":{"line":99,"column":4},"end":{"line":99,"column":87}},"49":{"start":{"line":100,"column":4},"end":{"line":100,"column":11}},"50":{"start":{"line":62,"column":13},"end":{"line":62,"column":21}}},"fnMap":{"0":{"name":"(anonymous_8)","decl":{"start":{"line":6,"column":24},"end":{"line":6,"column":31}},"loc":{"start":{"line":6,"column":77},"end":{"line":59,"column":2}}},"1":{"name":"(anonymous_9)","decl":{"start":{"line":6,"column":77},"end":{"line":6,"column":null}},"loc":{"start":{"line":6,"column":77},"end":{"line":59,"column":1}}},"2":{"name":"(anonymous_10)","decl":{"start":{"line":62,"column":21},"end":{"line":62,"column":28}},"loc":{"start":{"line":62,"column":74},"end":{"line":102,"column":2}}},"3":{"name":"(anonymous_11)","decl":{"start":{"line":62,"column":74},"end":{"line":62,"column":null}},"loc":{"start":{"line":62,"column":74},"end":{"line":102,"column":1}}}},"branchMap":{"0":{"loc":{"start":{"line":9,"column":2},"end":{"line":12,"column":3}},"type":"if","locations":[{"start":{"line":9,"column":2},"end":{"line":12,"column":3}}]},"1":{"loc":{"start":{"line":9,"column":6},"end":{"line":9,"column":28}},"type":"binary-expr","locations":[{"start":{"line":9,"column":6},"end":{"line":9,"column":15}},{"start":{"line":9,"column":19},"end":{"line":9,"column":28}}]},"2":{"loc":{"start":{"line":16,"column":2},"end":{"line":19,"column":3}},"type":"if","locations":[{"start":{"line":16,"column":2},"end":{"line":19,"column":3}}]},"3":{"loc":{"start":{"line":27,"column":4},"end":{"line":30,"column":5}},"type":"if","locations":[{"start":{"line":27,"column":4},"end":{"line":30,"column":5}}]},"4":{"loc":{"start":{"line":37,"column":4},"end":{"line":40,"column":5}},"type":"if","locations":[{"start":{"line":37,"column":4},"end":{"line":40,"column":5}}]},"5":{"loc":{"start":{"line":65,"column":2},"end":{"line":68,"column":3}},"type":"if","locations":[{"start":{"line":65,"column":2},"end":{"line":68,"column":3}}]},"6":{"loc":{"start":{"line":65,"column":6},"end":{"line":65,"column":28}},"type":"binary-expr","locations":[{"start":{"line":65,"column":6},"end":{"line":65,"column":15}},{"start":{"line":65,"column":19},"end":{"line":65,"column":28}}]},"7":{"loc":{"start":{"line":82,"column":4},"end":{"line":85,"column":5}},"type":"if","locations":[{"start":{"line":82,"column":4},"end":{"line":85,"column":5}}]},"8":{"loc":{"start":{"line":89,"column":4},"end":{"line":92,"column":5}},"type":"if","locations":[{"start":{"line":89,"column":4},"end":{"line":92,"column":5}}]}},"s":{"0":3,"1":3,"2":3,"3":3,"4":3,"5":1,"6":1,"7":1,"8":0,"9":0,"10":1,"11":1,"12":0,"13":0,"14":1,"15":1,"16":1,"17":0,"18":0,"19":1,"20":1,"21":0,"22":0,"23":1,"24":1,"25":1,"26":1,"27":0,"28":0,"29":3,"30":3,"31":4,"32":4,"33":4,"34":0,"35":0,"36":4,"37":4,"38":4,"39":1,"40":1,"41":3,"42":3,"43":0,"44":0,"45":3,"46":3,"47":3,"48":0,"49":0,"50":3},"f":{"0":1,"1":1,"2":4,"3":4},"b":{"0":[0],"1":[1,1],"2":[0],"3":[0],"4":[0],"5":[0],"6":[4,4],"7":[1],"8":[0]}}
,"C:\\Projets Divers\\Workspace\\iSuivCump\\projects\\auth\\src\\controllers\\role.controller.ts": {"path":"C:\\Projets Divers\\Workspace\\iSuivCump\\projects\\auth\\src\\controllers\\role.controller.ts","statementMap":{"0":{"start":{"line":2,"column":0},"end":{"line":2,"column":38}},"1":{"start":{"line":5,"column":26},"end":{"line":32,"column":2}},"2":{"start":{"line":5,"column":79},"end":{"line":32,"column":2}},"3":{"start":{"line":6,"column":19},"end":{"line":6,"column":27}},"4":{"start":{"line":8,"column":2},"end":{"line":11,"column":3}},"5":{"start":{"line":9,"column":4},"end":{"line":9,"column":63}},"6":{"start":{"line":10,"column":4},"end":{"line":10,"column":11}},"7":{"start":{"line":13,"column":2},"end":{"line":31,"column":3}},"8":{"start":{"line":14,"column":25},"end":{"line":16,"column":6}},"9":{"start":{"line":18,"column":4},"end":{"line":21,"column":5}},"10":{"start":{"line":19,"column":6},"end":{"line":19,"column":78}},"11":{"start":{"line":20,"column":6},"end":{"line":20,"column":13}},"12":{"start":{"line":23,"column":17},"end":{"line":25,"column":6}},"13":{"start":{"line":26,"column":4},"end":{"line":26,"column":73}},"14":{"start":{"line":27,"column":4},"end":{"line":27,"column":11}},"15":{"start":{"line":29,"column":4},"end":{"line":29,"column":87}},"16":{"start":{"line":30,"column":4},"end":{"line":30,"column":11}},"17":{"start":{"line":5,"column":13},"end":{"line":5,"column":26}},"18":{"start":{"line":35,"column":26},"end":{"line":60,"column":null}},"19":{"start":{"line":35,"column":79},"end":{"line":60,"column":null}},"20":{"start":{"line":36,"column":19},"end":{"line":36,"column":29}},"21":{"start":{"line":37,"column":22},"end":{"line":37,"column":30}},"22":{"start":{"line":39,"column":2},"end":{"line":42,"column":3}},"23":{"start":{"line":40,"column":4},"end":{"line":40,"column":63}},"24":{"start":{"line":41,"column":4},"end":{"line":41,"column":11}},"25":{"start":{"line":44,"column":2},"end":{"line":59,"column":3}},"26":{"start":{"line":45,"column":24},"end":{"line":48,"column":6}},"27":{"start":{"line":49,"column":4},"end":{"line":49,"column":80}},"28":{"start":{"line":50,"column":4},"end":{"line":50,"column":11}},"29":{"start":{"line":52,"column":4},"end":{"line":58,"column":5}},"30":{"start":{"line":53,"column":6},"end":{"line":53,"column":null}},"31":{"start":{"line":54,"column":6},"end":{"line":54,"column":13}},"32":{"start":{"line":56,"column":6},"end":{"line":56,"column":null}},"33":{"start":{"line":57,"column":6},"end":{"line":57,"column":13}},"34":{"start":{"line":35,"column":13},"end":{"line":35,"column":26}},"35":{"start":{"line":63,"column":26},"end":{"line":86,"column":null}},"36":{"start":{"line":63,"column":79},"end":{"line":86,"column":null}},"37":{"start":{"line":64,"column":19},"end":{"line":64,"column":29}},"38":{"start":{"line":66,"column":2},"end":{"line":69,"column":3}},"39":{"start":{"line":67,"column":4},"end":{"line":67,"column":63}},"40":{"start":{"line":68,"column":4},"end":{"line":68,"column":11}},"41":{"start":{"line":71,"column":2},"end":{"line":85,"column":3}},"42":{"start":{"line":72,"column":4},"end":{"line":74,"column":7}},"43":{"start":{"line":75,"column":4},"end":{"line":75,"column":67}},"44":{"start":{"line":76,"column":4},"end":{"line":76,"column":11}},"45":{"start":{"line":78,"column":4},"end":{"line":84,"column":5}},"46":{"start":{"line":79,"column":6},"end":{"line":79,"column":null}},"47":{"start":{"line":80,"column":6},"end":{"line":80,"column":13}},"48":{"start":{"line":82,"column":6},"end":{"line":82,"column":null}},"49":{"start":{"line":83,"column":6},"end":{"line":83,"column":13}},"50":{"start":{"line":63,"column":13},"end":{"line":63,"column":26}}},"fnMap":{"0":{"name":"(anonymous_8)","decl":{"start":{"line":5,"column":26},"end":{"line":5,"column":33}},"loc":{"start":{"line":5,"column":79},"end":{"line":32,"column":2}}},"1":{"name":"(anonymous_9)","decl":{"start":{"line":5,"column":79},"end":{"line":5,"column":null}},"loc":{"start":{"line":5,"column":79},"end":{"line":32,"column":1}}},"2":{"name":"(anonymous_10)","decl":{"start":{"line":35,"column":26},"end":{"line":35,"column":33}},"loc":{"start":{"line":35,"column":79},"end":{"line":60,"column":null}}},"3":{"name":"(anonymous_11)","decl":{"start":{"line":35,"column":79},"end":{"line":35,"column":null}},"loc":{"start":{"line":35,"column":79},"end":{"line":60,"column":1}}},"4":{"name":"(anonymous_12)","decl":{"start":{"line":63,"column":26},"end":{"line":63,"column":33}},"loc":{"start":{"line":63,"column":79},"end":{"line":86,"column":null}}},"5":{"name":"(anonymous_13)","decl":{"start":{"line":63,"column":79},"end":{"line":63,"column":null}},"loc":{"start":{"line":63,"column":79},"end":{"line":86,"column":1}}}},"branchMap":{"0":{"loc":{"start":{"line":8,"column":2},"end":{"line":11,"column":3}},"type":"if","locations":[{"start":{"line":8,"column":2},"end":{"line":11,"column":3}}]},"1":{"loc":{"start":{"line":18,"column":4},"end":{"line":21,"column":5}},"type":"if","locations":[{"start":{"line":18,"column":4},"end":{"line":21,"column":5}}]},"2":{"loc":{"start":{"line":39,"column":2},"end":{"line":42,"column":3}},"type":"if","locations":[{"start":{"line":39,"column":2},"end":{"line":42,"column":3}}]},"3":{"loc":{"start":{"line":39,"column":6},"end":{"line":39,"column":23}},"type":"binary-expr","locations":[{"start":{"line":39,"column":6},"end":{"line":39,"column":11}},{"start":{"line":39,"column":15},"end":{"line":39,"column":23}}]},"4":{"loc":{"start":{"line":52,"column":4},"end":{"line":58,"column":5}},"type":"if","locations":[{"start":{"line":52,"column":4},"end":{"line":58,"column":5}},{"start":{"line":55,"column":11},"end":{"line":58,"column":5}}]},"5":{"loc":{"start":{"line":66,"column":2},"end":{"line":69,"column":3}},"type":"if","locations":[{"start":{"line":66,"column":2},"end":{"line":69,"column":3}}]},"6":{"loc":{"start":{"line":78,"column":4},"end":{"line":84,"column":5}},"type":"if","locations":[{"start":{"line":78,"column":4},"end":{"line":84,"column":5}},{"start":{"line":81,"column":11},"end":{"line":84,"column":5}}]}},"s":{"0":3,"1":3,"2":1,"3":1,"4":1,"5":0,"6":0,"7":1,"8":1,"9":1,"10":0,"11":0,"12":1,"13":1,"14":1,"15":0,"16":0,"17":3,"18":3,"19":0,"20":0,"21":0,"22":0,"23":0,"24":0,"25":0,"26":0,"27":0,"28":0,"29":0,"30":0,"31":0,"32":0,"33":0,"34":3,"35":3,"36":0,"37":0,"38":0,"39":0,"40":0,"41":0,"42":0,"43":0,"44":0,"45":0,"46":0,"47":0,"48":0,"49":0,"50":3},"f":{"0":1,"1":1,"2":0,"3":0,"4":0,"5":0},"b":{"0":[0],"1":[0],"2":[0],"3":[0,0],"4":[0,0],"5":[0],"6":[0,0]}}
,"C:\\Projets Divers\\Workspace\\iSuivCump\\projects\\auth\\src\\controllers\\user.controller.ts": {"path":"C:\\Projets Divers\\Workspace\\iSuivCump\\projects\\auth\\src\\controllers\\user.controller.ts","statementMap":{"0":{"start":{"line":2,"column":0},"end":{"line":2,"column":30}},"1":{"start":{"line":3,"column":0},"end":{"line":3,"column":43}},"2":{"start":{"line":4,"column":0},"end":{"line":4,"column":61}},"3":{"start":{"line":6,"column":27},"end":{"line":19,"column":null}},"4":{"start":{"line":6,"column":81},"end":{"line":19,"column":null}},"5":{"start":{"line":7,"column":2},"end":{"line":18,"column":3}},"6":{"start":{"line":8,"column":18},"end":{"line":12,"column":6}},"7":{"start":{"line":13,"column":4},"end":{"line":13,"column":32}},"8":{"start":{"line":14,"column":4},"end":{"line":14,"column":11}},"9":{"start":{"line":16,"column":4},"end":{"line":16,"column":null}},"10":{"start":{"line":17,"column":4},"end":{"line":17,"column":11}},"11":{"start":{"line":6,"column":13},"end":{"line":6,"column":27}},"12":{"start":{"line":22,"column":26},"end":{"line":64,"column":null}},"13":{"start":{"line":22,"column":80},"end":{"line":64,"column":null}},"14":{"start":{"line":23,"column":2},"end":{"line":63,"column":3}},"15":{"start":{"line":24,"column":19},"end":{"line":24,"column":29}},"16":{"start":{"line":25,"column":45},"end":{"line":25,"column":53}},"17":{"start":{"line":28,"column":101},"end":{"line":28,"column":103}},"18":{"start":{"line":29,"column":4},"end":{"line":31,"column":5}},"19":{"start":{"line":30,"column":6},"end":{"line":30,"column":37}},"20":{"start":{"line":32,"column":4},"end":{"line":39,"column":5}},"21":{"start":{"line":34,"column":6},"end":{"line":37,"column":7}},"22":{"start":{"line":35,"column":8},"end":{"line":35,"column":189}},"23":{"start":{"line":36,"column":8},"end":{"line":36,"column":15}},"24":{"start":{"line":38,"column":6},"end":{"line":38,"column":60}},"25":{"start":{"line":40,"column":4},"end":{"line":47,"column":5}},"26":{"start":{"line":41,"column":19},"end":{"line":41,"column":78}},"27":{"start":{"line":42,"column":6},"end":{"line":45,"column":7}},"28":{"start":{"line":43,"column":8},"end":{"line":43,"column":60}},"29":{"start":{"line":44,"column":8},"end":{"line":44,"column":15}},"30":{"start":{"line":46,"column":6},"end":{"line":46,"column":53}},"31":{"start":{"line":49,"column":24},"end":{"line":52,"column":6}},"32":{"start":{"line":54,"column":4},"end":{"line":54,"column":80}},"33":{"start":{"line":56,"column":4},"end":{"line":62,"column":5}},"34":{"start":{"line":57,"column":6},"end":{"line":57,"column":78}},"35":{"start":{"line":58,"column":6},"end":{"line":58,"column":13}},"36":{"start":{"line":60,"column":6},"end":{"line":60,"column":64}},"37":{"start":{"line":61,"column":6},"end":{"line":61,"column":13}},"38":{"start":{"line":22,"column":13},"end":{"line":22,"column":26}},"39":{"start":{"line":65,"column":26},"end":{"line":88,"column":2}},"40":{"start":{"line":65,"column":79},"end":{"line":88,"column":2}},"41":{"start":{"line":66,"column":17},"end":{"line":66,"column":27}},"42":{"start":{"line":68,"column":2},"end":{"line":71,"column":3}},"43":{"start":{"line":69,"column":4},"end":{"line":69,"column":56}},"44":{"start":{"line":70,"column":4},"end":{"line":70,"column":11}},"45":{"start":{"line":73,"column":2},"end":{"line":87,"column":3}},"46":{"start":{"line":74,"column":4},"end":{"line":76,"column":7}},"47":{"start":{"line":77,"column":4},"end":{"line":77,"column":67}},"48":{"start":{"line":78,"column":4},"end":{"line":78,"column":11}},"49":{"start":{"line":80,"column":4},"end":{"line":86,"column":5}},"50":{"start":{"line":81,"column":6},"end":{"line":81,"column":78}},"51":{"start":{"line":82,"column":6},"end":{"line":82,"column":13}},"52":{"start":{"line":84,"column":6},"end":{"line":84,"column":64}},"53":{"start":{"line":85,"column":6},"end":{"line":85,"column":13}},"54":{"start":{"line":65,"column":13},"end":{"line":65,"column":26}},"55":{"start":{"line":90,"column":30},"end":{"line":109,"column":null}},"56":{"start":{"line":90,"column":83},"end":{"line":109,"column":null}},"57":{"start":{"line":91,"column":17},"end":{"line":91,"column":40}},"58":{"start":{"line":93,"column":2},"end":{"line":108,"column":3}},"59":{"start":{"line":94,"column":17},"end":{"line":97,"column":4}},"60":{"start":{"line":98,"column":4},"end":{"line":98,"column":77}},"61":{"start":{"line":99,"column":4},"end":{"line":99,"column":11}},"62":{"start":{"line":101,"column":4},"end":{"line":107,"column":5}},"63":{"start":{"line":102,"column":6},"end":{"line":102,"column":78}},"64":{"start":{"line":103,"column":6},"end":{"line":103,"column":13}},"65":{"start":{"line":105,"column":6},"end":{"line":105,"column":64}},"66":{"start":{"line":106,"column":6},"end":{"line":106,"column":13}},"67":{"start":{"line":90,"column":13},"end":{"line":90,"column":30}}},"fnMap":{"0":{"name":"(anonymous_8)","decl":{"start":{"line":6,"column":27},"end":{"line":6,"column":34}},"loc":{"start":{"line":6,"column":81},"end":{"line":19,"column":null}}},"1":{"name":"(anonymous_9)","decl":{"start":{"line":6,"column":81},"end":{"line":6,"column":null}},"loc":{"start":{"line":6,"column":81},"end":{"line":19,"column":1}}},"2":{"name":"(anonymous_10)","decl":{"start":{"line":22,"column":26},"end":{"line":22,"column":33}},"loc":{"start":{"line":22,"column":80},"end":{"line":64,"column":null}}},"3":{"name":"(anonymous_11)","decl":{"start":{"line":22,"column":80},"end":{"line":22,"column":null}},"loc":{"start":{"line":22,"column":80},"end":{"line":64,"column":1}}},"4":{"name":"(anonymous_12)","decl":{"start":{"line":65,"column":26},"end":{"line":65,"column":33}},"loc":{"start":{"line":65,"column":79},"end":{"line":88,"column":2}}},"5":{"name":"(anonymous_13)","decl":{"start":{"line":65,"column":79},"end":{"line":65,"column":null}},"loc":{"start":{"line":65,"column":79},"end":{"line":88,"column":1}}},"6":{"name":"(anonymous_14)","decl":{"start":{"line":90,"column":30},"end":{"line":90,"column":37}},"loc":{"start":{"line":90,"column":83},"end":{"line":109,"column":null}}},"7":{"name":"(anonymous_15)","decl":{"start":{"line":90,"column":83},"end":{"line":90,"column":null}},"loc":{"start":{"line":90,"column":83},"end":{"line":109,"column":1}}}},"branchMap":{"0":{"loc":{"start":{"line":29,"column":4},"end":{"line":31,"column":5}},"type":"if","locations":[{"start":{"line":29,"column":4},"end":{"line":31,"column":5}}]},"1":{"loc":{"start":{"line":32,"column":4},"end":{"line":39,"column":5}},"type":"if","locations":[{"start":{"line":32,"column":4},"end":{"line":39,"column":5}}]},"2":{"loc":{"start":{"line":34,"column":6},"end":{"line":37,"column":7}},"type":"if","locations":[{"start":{"line":34,"column":6},"end":{"line":37,"column":7}}]},"3":{"loc":{"start":{"line":40,"column":4},"end":{"line":47,"column":5}},"type":"if","locations":[{"start":{"line":40,"column":4},"end":{"line":47,"column":5}}]},"4":{"loc":{"start":{"line":42,"column":6},"end":{"line":45,"column":7}},"type":"if","locations":[{"start":{"line":42,"column":6},"end":{"line":45,"column":7}}]},"5":{"loc":{"start":{"line":56,"column":4},"end":{"line":62,"column":5}},"type":"if","locations":[{"start":{"line":56,"column":4},"end":{"line":62,"column":5}},{"start":{"line":59,"column":11},"end":{"line":62,"column":5}}]},"6":{"loc":{"start":{"line":68,"column":2},"end":{"line":71,"column":3}},"type":"if","locations":[{"start":{"line":68,"column":2},"end":{"line":71,"column":3}}]},"7":{"loc":{"start":{"line":80,"column":4},"end":{"line":86,"column":5}},"type":"if","locations":[{"start":{"line":80,"column":4},"end":{"line":86,"column":5}},{"start":{"line":83,"column":11},"end":{"line":86,"column":5}}]},"8":{"loc":{"start":{"line":101,"column":4},"end":{"line":107,"column":5}},"type":"if","locations":[{"start":{"line":101,"column":4},"end":{"line":107,"column":5}},{"start":{"line":104,"column":11},"end":{"line":107,"column":5}}]}},"s":{"0":3,"1":3,"2":3,"3":3,"4":0,"5":0,"6":0,"7":0,"8":0,"9":0,"10":0,"11":3,"12":3,"13":0,"14":0,"15":0,"16":0,"17":0,"18":0,"19":0,"20":0,"21":0,"22":0,"23":0,"24":0,"25":0,"26":0,"27":0,"28":0,"29":0,"30":0,"31":0,"32":0,"33":0,"34":0,"35":0,"36":0,"37":0,"38":3,"39":3,"40":0,"41":0,"42":0,"43":0,"44":0,"45":0,"46":0,"47":0,"48":0,"49":0,"50":0,"51":0,"52":0,"53":0,"54":3,"55":3,"56":1,"57":1,"58":1,"59":1,"60":1,"61":0,"62":1,"63":0,"64":0,"65":1,"66":0,"67":3},"f":{"0":0,"1":0,"2":0,"3":0,"4":0,"5":0,"6":1,"7":1},"b":{"0":[0],"1":[0],"2":[0],"3":[0],"4":[0],"5":[0,0],"6":[0],"7":[0,0],"8":[0,1]}}
,"C:\\Projets Divers\\Workspace\\iSuivCump\\projects\\auth\\src\\middlewares\\checkRoles.ts": {"path":"C:\\Projets Divers\\Workspace\\iSuivCump\\projects\\auth\\src\\middlewares\\checkRoles.ts","statementMap":{"0":{"start":{"line":2,"column":0},"end":{"line":2,"column":38}},"1":{"start":{"line":3,"column":0},"end":{"line":3,"column":31}},"2":{"start":{"line":9,"column":25},"end":{"line":50,"column":1}},"3":{"start":{"line":10,"column":2},"end":{"line":49,"column":4}},"4":{"start":{"line":10,"column":82},"end":{"line":49,"column":4}},"5":{"start":{"line":11,"column":4},"end":{"line":48,"column":5}},"6":{"start":{"line":12,"column":25},"end":{"line":12,"column":50}},"7":{"start":{"line":13,"column":6},"end":{"line":16,"column":7}},"8":{"start":{"line":14,"column":8},"end":{"line":14,"column":74}},"9":{"start":{"line":15,"column":8},"end":{"line":15,"column":15}},"10":{"start":{"line":18,"column":20},"end":{"line":18,"column":44}},"11":{"start":{"line":19,"column":22},"end":{"line":19,"column":66}},"12":{"start":{"line":21,"column":6},"end":{"line":24,"column":7}},"13":{"start":{"line":22,"column":8},"end":{"line":22,"column":77}},"14":{"start":{"line":23,"column":8},"end":{"line":23,"column":15}},"15":{"start":{"line":26,"column":21},"end":{"line":26,"column":49}},"16":{"start":{"line":27,"column":6},"end":{"line":30,"column":7}},"17":{"start":{"line":28,"column":8},"end":{"line":28,"column":77}},"18":{"start":{"line":29,"column":8},"end":{"line":29,"column":15}},"19":{"start":{"line":33,"column":19},"end":{"line":36,"column":8}},"20":{"start":{"line":38,"column":6},"end":{"line":41,"column":7}},"21":{"start":{"line":39,"column":8},"end":{"line":39,"column":83}},"22":{"start":{"line":40,"column":8},"end":{"line":40,"column":15}},"23":{"start":{"line":44,"column":6},"end":{"line":44,"column":13}},"24":{"start":{"line":46,"column":6},"end":{"line":46,"column":75}},"25":{"start":{"line":47,"column":6},"end":{"line":47,"column":13}},"26":{"start":{"line":9,"column":13},"end":{"line":9,"column":25}},"27":{"start":{"line":53,"column":31},"end":{"line":78,"column":1}},"28":{"start":{"line":54,"column":2},"end":{"line":77,"column":null}},"29":{"start":{"line":54,"column":82},"end":{"line":77,"column":null}},"30":{"start":{"line":55,"column":4},"end":{"line":74,"column":16}},"31":{"start":{"line":56,"column":25},"end":{"line":56,"column":50}},"32":{"start":{"line":57,"column":6},"end":{"line":60,"column":7}},"33":{"start":{"line":58,"column":8},"end":{"line":58,"column":74}},"34":{"start":{"line":59,"column":8},"end":{"line":59,"column":15}},"35":{"start":{"line":62,"column":20},"end":{"line":62,"column":44}},"36":{"start":{"line":63,"column":22},"end":{"line":63,"column":86}},"37":{"start":{"line":65,"column":28},"end":{"line":65,"column":55}},"38":{"start":{"line":68,"column":6},"end":{"line":71,"column":7}},"39":{"start":{"line":69,"column":8},"end":{"line":69,"column":83}},"40":{"start":{"line":70,"column":8},"end":{"line":70,"column":15}},"41":{"start":{"line":73,"column":6},"end":{"line":73,"column":13}},"42":{"start":{"line":75,"column":6},"end":{"line":75,"column":75}},"43":{"start":{"line":76,"column":6},"end":{"line":76,"column":13}},"44":{"start":{"line":53,"column":13},"end":{"line":53,"column":31}}},"fnMap":{"0":{"name":"(anonymous_8)","decl":{"start":{"line":9,"column":25},"end":{"line":9,"column":26}},"loc":{"start":{"line":9,"column":50},"end":{"line":50,"column":1}}},"1":{"name":"(anonymous_9)","decl":{"start":{"line":10,"column":9},"end":{"line":10,"column":16}},"loc":{"start":{"line":10,"column":82},"end":{"line":49,"column":4}}},"2":{"name":"(anonymous_10)","decl":{"start":{"line":10,"column":82},"end":{"line":10,"column":null}},"loc":{"start":{"line":10,"column":82},"end":{"line":49,"column":3}}},"3":{"name":"(anonymous_11)","decl":{"start":{"line":53,"column":31},"end":{"line":53,"column":32}},"loc":{"start":{"line":53,"column":56},"end":{"line":78,"column":1}}},"4":{"name":"(anonymous_12)","decl":{"start":{"line":54,"column":9},"end":{"line":54,"column":16}},"loc":{"start":{"line":54,"column":82},"end":{"line":77,"column":null}}},"5":{"name":"(anonymous_13)","decl":{"start":{"line":54,"column":82},"end":{"line":54,"column":null}},"loc":{"start":{"line":54,"column":82},"end":{"line":77,"column":5}}}},"branchMap":{"0":{"loc":{"start":{"line":13,"column":6},"end":{"line":16,"column":7}},"type":"if","locations":[{"start":{"line":13,"column":6},"end":{"line":16,"column":7}}]},"1":{"loc":{"start":{"line":21,"column":6},"end":{"line":24,"column":7}},"type":"if","locations":[{"start":{"line":21,"column":6},"end":{"line":24,"column":7}}]},"2":{"loc":{"start":{"line":21,"column":10},"end":{"line":21,"column":37}},"type":"binary-expr","locations":[{"start":{"line":21,"column":10},"end":{"line":21,"column":18}},{"start":{"line":21,"column":22},"end":{"line":21,"column":37}}]},"3":{"loc":{"start":{"line":27,"column":6},"end":{"line":30,"column":7}},"type":"if","locations":[{"start":{"line":27,"column":6},"end":{"line":30,"column":7}}]},"4":{"loc":{"start":{"line":38,"column":6},"end":{"line":41,"column":7}},"type":"if","locations":[{"start":{"line":38,"column":6},"end":{"line":41,"column":7}}]},"5":{"loc":{"start":{"line":38,"column":10},"end":{"line":38,"column":51}},"type":"binary-expr","locations":[{"start":{"line":38,"column":10},"end":{"line":38,"column":15}},{"start":{"line":38,"column":19},"end":{"line":38,"column":51}}]},"6":{"loc":{"start":{"line":38,"column":19},"end":{"line":38,"column":34}},"type":"cond-expr","locations":[{"start":{"line":38,"column":28},"end":{"line":38,"column":30}},{"start":{"line":38,"column":28},"end":{"line":38,"column":34}}]},"7":{"loc":{"start":{"line":38,"column":19},"end":{"line":38,"column":30}},"type":"binary-expr","locations":[{"start":{"line":38,"column":19},"end":{"line":38,"column":30}},{"start":{"line":38,"column":28},"end":{"line":38,"column":30}}]},"8":{"loc":{"start":{"line":57,"column":6},"end":{"line":60,"column":7}},"type":"if","locations":[{"start":{"line":57,"column":6},"end":{"line":60,"column":7}}]},"9":{"loc":{"start":{"line":68,"column":6},"end":{"line":71,"column":7}},"type":"if","locations":[{"start":{"line":68,"column":6},"end":{"line":71,"column":7}}]},"10":{"loc":{"start":{"line":68,"column":10},"end":{"line":68,"column":75}},"type":"binary-expr","locations":[{"start":{"line":68,"column":10},"end":{"line":68,"column":39}},{"start":{"line":68,"column":43},"end":{"line":68,"column":75}}]}},"s":{"0":3,"1":3,"2":3,"3":18,"4":6,"5":6,"6":6,"7":6,"8":0,"9":0,"10":6,"11":6,"12":6,"13":0,"14":0,"15":6,"16":6,"17":0,"18":0,"19":6,"20":6,"21":5,"22":5,"23":1,"24":0,"25":0,"26":3,"27":3,"28":3,"29":2,"30":2,"31":2,"32":2,"33":0,"34":0,"35":2,"36":2,"37":2,"38":2,"39":1,"40":1,"41":1,"42":1,"43":1,"44":3},"f":{"0":18,"1":6,"2":6,"3":3,"4":2,"5":2},"b":{"0":[0],"1":[0],"2":[6,6],"3":[0],"4":[5],"5":[6,6],"6":[3,3],"7":[6,3],"8":[0],"9":[1],"10":[2,2]}}
,"C:\\Projets Divers\\Workspace\\iSuivCump\\projects\\auth\\src\\middlewares\\prisma.ts": {"path":"C:\\Projets Divers\\Workspace\\iSuivCump\\projects\\auth\\src\\middlewares\\prisma.ts","statementMap":{"0":{"start":{"line":2,"column":0},"end":{"line":2,"column":46}},"1":{"start":{"line":4,"column":15},"end":{"line":4,"column":33}},"2":{"start":{"line":7,"column":0},"end":{"line":21,"column":3}},"3":{"start":{"line":7,"column":35},"end":{"line":21,"column":2}},"4":{"start":{"line":8,"column":17},"end":{"line":8,"column":35}},"5":{"start":{"line":11,"column":2},"end":{"line":18,"column":3}},"6":{"start":{"line":12,"column":4},"end":{"line":17,"column":5}},"7":{"start":{"line":13,"column":6},"end":{"line":13,"column":57}},"8":{"start":{"line":13,"column":35},"end":{"line":13,"column":40}},"9":{"start":{"line":13,"column":44},"end":{"line":13,"column":48}},"10":{"start":{"line":13,"column":51},"end":{"line":13,"column":56}},"11":{"start":{"line":14,"column":11},"end":{"line":17,"column":5}},"12":{"start":{"line":15,"column":36},"end":{"line":15,"column":42}},"13":{"start":{"line":15,"column":31},"end":{"line":15,"column":36}},"14":{"start":{"line":16,"column":6},"end":{"line":16,"column":18}},"15":{"start":{"line":20,"column":2},"end":{"line":20,"column":16}},"16":{"start":{"line":24,"column":0},"end":{"line":24,"column":22}}},"fnMap":{"0":{"name":"(anonymous_8)","decl":{"start":{"line":7,"column":12},"end":{"line":7,"column":19}},"loc":{"start":{"line":7,"column":35},"end":{"line":21,"column":2}}},"1":{"name":"(anonymous_9)","decl":{"start":{"line":7,"column":35},"end":{"line":7,"column":null}},"loc":{"start":{"line":7,"column":35},"end":{"line":21,"column":1}}},"2":{"name":"(anonymous_10)","decl":{"start":{"line":13,"column":24},"end":{"line":13,"column":25}},"loc":{"start":{"line":13,"column":50},"end":{"line":13,"column":56}}}},"branchMap":{"0":{"loc":{"start":{"line":11,"column":2},"end":{"line":18,"column":3}},"type":"if","locations":[{"start":{"line":11,"column":2},"end":{"line":18,"column":3}}]},"1":{"loc":{"start":{"line":11,"column":6},"end":{"line":11,"column":63}},"type":"binary-expr","locations":[{"start":{"line":11,"column":6},"end":{"line":11,"column":29}},{"start":{"line":11,"column":33},"end":{"line":11,"column":63}}]},"2":{"loc":{"start":{"line":12,"column":4},"end":{"line":17,"column":5}},"type":"if","locations":[{"start":{"line":12,"column":4},"end":{"line":17,"column":5}},{"start":{"line":14,"column":11},"end":{"line":17,"column":5}}]},"3":{"loc":{"start":{"line":14,"column":11},"end":{"line":17,"column":5}},"type":"if","locations":[{"start":{"line":14,"column":11},"end":{"line":17,"column":5}}]},"4":{"loc":{"start":{"line":14,"column":15},"end":{"line":14,"column":51}},"type":"binary-expr","locations":[{"start":{"line":14,"column":15},"end":{"line":14,"column":21}},{"start":{"line":14,"column":25},"end":{"line":14,"column":51}}]}},"s":{"0":3,"1":3,"2":3,"3":24,"4":24,"5":24,"6":11,"7":0,"8":0,"9":0,"10":0,"11":11,"12":11,"13":11,"14":11,"15":13,"16":3},"f":{"0":24,"1":24,"2":0},"b":{"0":[11],"1":[24,16],"2":[0,11],"3":[11],"4":[11,11]}}
,"C:\\Projets Divers\\Workspace\\iSuivCump\\projects\\auth\\src\\routes\\auth.routes.ts": {"path":"C:\\Projets Divers\\Workspace\\iSuivCump\\projects\\auth\\src\\routes\\auth.routes.ts","statementMap":{"0":{"start":{"line":1,"column":0},"end":{"line":1,"column":33}},"1":{"start":{"line":2,"column":0},"end":{"line":2,"column":64}},"2":{"start":{"line":3,"column":15},"end":{"line":3,"column":23}},"3":{"start":{"line":35,"column":0},"end":{"line":35,"column":35}},"4":{"start":{"line":60,"column":0},"end":{"line":60,"column":29}},"5":{"start":{"line":62,"column":0},"end":{"line":62,"column":22}}},"fnMap":{},"branchMap":{},"s":{"0":3,"1":3,"2":3,"3":3,"4":3,"5":3},"f":{},"b":{}}
,"C:\\Projets Divers\\Workspace\\iSuivCump\\projects\\auth\\src\\routes\\role.routes.ts": {"path":"C:\\Projets Divers\\Workspace\\iSuivCump\\projects\\auth\\src\\routes\\role.routes.ts","statementMap":{"0":{"start":{"line":1,"column":0},"end":{"line":1,"column":33}},"1":{"start":{"line":2,"column":0},"end":{"line":2,"column":83}},"2":{"start":{"line":3,"column":0},"end":{"line":3,"column":54}},"3":{"start":{"line":5,"column":15},"end":{"line":5,"column":23}},"4":{"start":{"line":35,"column":0},"end":{"line":35,"column":49}},"5":{"start":{"line":89,"column":0},"end":{"line":89,"column":55}},"6":{"start":{"line":124,"column":0},"end":{"line":124,"column":56}},"7":{"start":{"line":125,"column":0},"end":{"line":125,"column":22}}},"fnMap":{},"branchMap":{},"s":{"0":3,"1":3,"2":3,"3":3,"4":3,"5":3,"6":3,"7":3},"f":{},"b":{}}
,"C:\\Projets Divers\\Workspace\\iSuivCump\\projects\\auth\\src\\routes\\user.routes.ts": {"path":"C:\\Projets Divers\\Workspace\\iSuivCump\\projects\\auth\\src\\routes\\user.routes.ts","statementMap":{"0":{"start":{"line":1,"column":0},"end":{"line":1,"column":33}},"1":{"start":{"line":2,"column":0},"end":{"line":2,"column":101}},"2":{"start":{"line":3,"column":0},"end":{"line":3,"column":71}},"3":{"start":{"line":4,"column":15},"end":{"line":4,"column":23}},"4":{"start":{"line":29,"column":0},"end":{"line":29,"column":47}},"5":{"start":{"line":67,"column":0},"end":{"line":67,"column":49}},"6":{"start":{"line":91,"column":0},"end":{"line":91,"column":61}},"7":{"start":{"line":114,"column":0},"end":{"line":114,"column":null}},"8":{"start":{"line":116,"column":0},"end":{"line":116,"column":22}}},"fnMap":{},"branchMap":{},"s":{"0":3,"1":3,"2":3,"3":3,"4":3,"5":3,"6":3,"7":3,"8":3},"f":{},"b":{}}
,"C:\\Projets Divers\\Workspace\\iSuivCump\\projects\\auth\\src\\utils\\validatePassword.ts": {"path":"C:\\Projets Divers\\Workspace\\iSuivCump\\projects\\auth\\src\\utils\\validatePassword.ts","statementMap":{"0":{"start":{"line":1,"column":32},"end":{"line":18,"column":1}},"1":{"start":{"line":2,"column":2},"end":{"line":4,"column":3}},"2":{"start":{"line":3,"column":4},"end":{"line":3,"column":57}},"3":{"start":{"line":5,"column":2},"end":{"line":7,"column":3}},"4":{"start":{"line":6,"column":4},"end":{"line":6,"column":65}},"5":{"start":{"line":8,"column":2},"end":{"line":10,"column":3}},"6":{"start":{"line":9,"column":4},"end":{"line":9,"column":65}},"7":{"start":{"line":11,"column":2},"end":{"line":13,"column":3}},"8":{"start":{"line":12,"column":4},"end":{"line":12,"column":55}},"9":{"start":{"line":14,"column":2},"end":{"line":16,"column":3}},"10":{"start":{"line":15,"column":4},"end":{"line":15,"column":66}},"11":{"start":{"line":17,"column":2},"end":{"line":17,"column":14}},"12":{"start":{"line":1,"column":13},"end":{"line":1,"column":32}}},"fnMap":{"0":{"name":"(anonymous_0)","decl":{"start":{"line":1,"column":32},"end":{"line":1,"column":33}},"loc":{"start":{"line":1,"column":68},"end":{"line":18,"column":1}}}},"branchMap":{"0":{"loc":{"start":{"line":2,"column":2},"end":{"line":4,"column":3}},"type":"if","locations":[{"start":{"line":2,"column":2},"end":{"line":4,"column":3}}]},"1":{"loc":{"start":{"line":5,"column":2},"end":{"line":7,"column":3}},"type":"if","locations":[{"start":{"line":5,"column":2},"end":{"line":7,"column":3}}]},"2":{"loc":{"start":{"line":8,"column":2},"end":{"line":10,"column":3}},"type":"if","locations":[{"start":{"line":8,"column":2},"end":{"line":10,"column":3}}]},"3":{"loc":{"start":{"line":11,"column":2},"end":{"line":13,"column":3}},"type":"if","locations":[{"start":{"line":11,"column":2},"end":{"line":13,"column":3}}]},"4":{"loc":{"start":{"line":14,"column":2},"end":{"line":16,"column":3}},"type":"if","locations":[{"start":{"line":14,"column":2},"end":{"line":16,"column":3}}]}},"s":{"0":3,"1":1,"2":0,"3":1,"4":0,"5":1,"6":0,"7":1,"8":0,"9":1,"10":0,"11":1,"12":3},"f":{"0":1},"b":{"0":[0],"1":[0],"2":[0],"3":[0],"4":[0]}}
}
