{"C:\\Projets Divers\\Workspace\\iSuivCump\\projects\\auth\\src\\index.ts": {"path":"C:\\Projets Divers\\Workspace\\iSuivCump\\projects\\auth\\src\\index.ts","statementMap":{"0":{"start":{"line":1,"column":0},"end":{"line":1,"column":30}},"1":{"start":{"line":2,"column":0},"end":{"line":2,"column":41}},"2":{"start":{"line":3,"column":0},"end":{"line":3,"column":43}},"3":{"start":{"line":4,"column":0},"end":{"line":4,"column":46}},"4":{"start":{"line":5,"column":0},"end":{"line":5,"column":46}},"5":{"start":{"line":6,"column":0},"end":{"line":6,"column":46}},"6":{"start":{"line":8,"column":0},"end":{"line":8,"column":110}},"7":{"start":{"line":9,"column":12},"end":{"line":9,"column":21}},"8":{"start":{"line":10,"column":13},"end":{"line":10,"column":37}},"9":{"start":{"line":12,"column":0},"end":{"line":12,"column":26}},"10":{"start":{"line":15,"column":0},"end":{"line":15,"column":32}},"11":{"start":{"line":18,"column":23},"end":{"line":47,"column":2}},"12":{"start":{"line":49,"column":20},"end":{"line":49,"column":48}},"13":{"start":{"line":50,"column":0},"end":{"line":50,"column":68}},"14":{"start":{"line":53,"column":0},"end":{"line":53,"column":33}},"15":{"start":{"line":54,"column":0},"end":{"line":54,"column":null}},"16":{"start":{"line":55,"column":0},"end":{"line":55,"column":34}},"17":{"start":{"line":58,"column":0},"end":{"line":58,"column":28}},"18":{"start":{"line":61,"column":0},"end":{"line":64,"column":3}},"19":{"start":{"line":62,"column":2},"end":{"line":62,"column":63}},"20":{"start":{"line":63,"column":2},"end":{"line":63,"column":77}},"21":{"start":{"line":67,"column":0},"end":{"line":67,"column":19}}},"fnMap":{"0":{"name":"(anonymous_1)","decl":{"start":{"line":61,"column":17},"end":{"line":61,"column":20}},"loc":{"start":{"line":61,"column":22},"end":{"line":64,"column":1}}}},"branchMap":{"0":{"loc":{"start":{"line":10,"column":13},"end":{"line":10,"column":37}},"type":"binary-expr","locations":[{"start":{"line":10,"column":13},"end":{"line":10,"column":29}},{"start":{"line":10,"column":33},"end":{"line":10,"column":37}}]}},"s":{"0":1,"1":1,"2":1,"3":1,"4":1,"5":1,"6":1,"7":1,"8":1,"9":1,"10":1,"11":1,"12":1,"13":1,"14":1,"15":1,"16":1,"17":1,"18":1,"19":1,"20":1,"21":1},"f":{"0":1},"b":{"0":[1,1]}}
,"C:\\Projets Divers\\Workspace\\iSuivCump\\projects\\auth\\src\\config\\prisma.ts": {"path":"C:\\Projets Divers\\Workspace\\iSuivCump\\projects\\auth\\src\\config\\prisma.ts","statementMap":{"0":{"start":{"line":1,"column":0},"end":{"line":1,"column":46}},"1":{"start":{"line":3,"column":15},"end":{"line":3,"column":33}},"2":{"start":{"line":4,"column":0},"end":{"line":4,"column":22}}},"fnMap":{},"branchMap":{},"s":{"0":1,"1":1,"2":1},"f":{},"b":{}}
,"C:\\Projets Divers\\Workspace\\iSuivCump\\projects\\auth\\src\\controllers\\auth.controller.ts": {"path":"C:\\Projets Divers\\Workspace\\iSuivCump\\projects\\auth\\src\\controllers\\auth.controller.ts","statementMap":{"0":{"start":{"line":2,"column":0},"end":{"line":2,"column":30}},"1":{"start":{"line":3,"column":0},"end":{"line":3,"column":31}},"2":{"start":{"line":4,"column":0},"end":{"line":4,"column":43}},"3":{"start":{"line":5,"column":0},"end":{"line":5,"column":61}},"4":{"start":{"line":6,"column":24},"end":{"line":57,"column":2}},"5":{"start":{"line":6,"column":77},"end":{"line":57,"column":2}},"6":{"start":{"line":7,"column":43},"end":{"line":7,"column":51}},"7":{"start":{"line":9,"column":2},"end":{"line":12,"column":3}},"8":{"start":{"line":10,"column":4},"end":{"line":10,"column":76}},"9":{"start":{"line":11,"column":4},"end":{"line":11,"column":11}},"10":{"start":{"line":15,"column":24},"end":{"line":15,"column":50}},"11":{"start":{"line":16,"column":2},"end":{"line":19,"column":3}},"12":{"start":{"line":17,"column":4},"end":{"line":17,"column":53}},"13":{"start":{"line":18,"column":4},"end":{"line":18,"column":11}},"14":{"start":{"line":21,"column":2},"end":{"line":56,"column":3}},"15":{"start":{"line":23,"column":25},"end":{"line":25,"column":6}},"16":{"start":{"line":27,"column":4},"end":{"line":30,"column":5}},"17":{"start":{"line":28,"column":6},"end":{"line":28,"column":67}},"18":{"start":{"line":29,"column":6},"end":{"line":29,"column":13}},"19":{"start":{"line":33,"column":17},"end":{"line":35,"column":6}},"20":{"start":{"line":37,"column":4},"end":{"line":40,"column":5}},"21":{"start":{"line":38,"column":6},"end":{"line":38,"column":75}},"22":{"start":{"line":39,"column":6},"end":{"line":39,"column":13}},"23":{"start":{"line":43,"column":27},"end":{"line":43,"column":58}},"24":{"start":{"line":44,"column":17},"end":{"line":50,"column":6}},"25":{"start":{"line":53,"column":4},"end":{"line":53,"column":76}},"26":{"start":{"line":55,"column":4},"end":{"line":55,"column":87}},"27":{"start":{"line":6,"column":13},"end":{"line":6,"column":24}},"28":{"start":{"line":60,"column":21},"end":{"line":99,"column":2}},"29":{"start":{"line":60,"column":74},"end":{"line":99,"column":2}},"30":{"start":{"line":61,"column":33},"end":{"line":61,"column":41}},"31":{"start":{"line":63,"column":2},"end":{"line":66,"column":3}},"32":{"start":{"line":64,"column":4},"end":{"line":64,"column":76}},"33":{"start":{"line":65,"column":4},"end":{"line":65,"column":11}},"34":{"start":{"line":68,"column":2},"end":{"line":98,"column":3}},"35":{"start":{"line":70,"column":17},"end":{"line":79,"column":6}},"36":{"start":{"line":80,"column":4},"end":{"line":80,"column":null}},"37":{"start":{"line":81,"column":4},"end":{"line":84,"column":5}},"38":{"start":{"line":82,"column":6},"end":{"line":82,"column":63}},"39":{"start":{"line":83,"column":6},"end":{"line":83,"column":13}},"40":{"start":{"line":87,"column":28},"end":{"line":87,"column":73}},"41":{"start":{"line":88,"column":4},"end":{"line":91,"column":5}},"42":{"start":{"line":89,"column":6},"end":{"line":89,"column":63}},"43":{"start":{"line":90,"column":6},"end":{"line":90,"column":13}},"44":{"start":{"line":94,"column":18},"end":{"line":94,"column":81}},"45":{"start":{"line":95,"column":4},"end":{"line":95,"column":36}},"46":{"start":{"line":97,"column":4},"end":{"line":97,"column":87}},"47":{"start":{"line":60,"column":13},"end":{"line":60,"column":21}}},"fnMap":{"0":{"name":"(anonymous_8)","decl":{"start":{"line":6,"column":24},"end":{"line":6,"column":31}},"loc":{"start":{"line":6,"column":77},"end":{"line":57,"column":2}}},"1":{"name":"(anonymous_9)","decl":{"start":{"line":6,"column":77},"end":{"line":6,"column":null}},"loc":{"start":{"line":6,"column":77},"end":{"line":57,"column":1}}},"2":{"name":"(anonymous_10)","decl":{"start":{"line":60,"column":21},"end":{"line":60,"column":28}},"loc":{"start":{"line":60,"column":74},"end":{"line":99,"column":2}}},"3":{"name":"(anonymous_11)","decl":{"start":{"line":60,"column":74},"end":{"line":60,"column":null}},"loc":{"start":{"line":60,"column":74},"end":{"line":99,"column":1}}}},"branchMap":{"0":{"loc":{"start":{"line":9,"column":2},"end":{"line":12,"column":3}},"type":"if","locations":[{"start":{"line":9,"column":2},"end":{"line":12,"column":3}}]},"1":{"loc":{"start":{"line":9,"column":6},"end":{"line":9,"column":28}},"type":"binary-expr","locations":[{"start":{"line":9,"column":6},"end":{"line":9,"column":15}},{"start":{"line":9,"column":19},"end":{"line":9,"column":28}}]},"2":{"loc":{"start":{"line":16,"column":2},"end":{"line":19,"column":3}},"type":"if","locations":[{"start":{"line":16,"column":2},"end":{"line":19,"column":3}}]},"3":{"loc":{"start":{"line":27,"column":4},"end":{"line":30,"column":5}},"type":"if","locations":[{"start":{"line":27,"column":4},"end":{"line":30,"column":5}}]},"4":{"loc":{"start":{"line":34,"column":21},"end":{"line":34,"column":39}},"type":"binary-expr","locations":[{"start":{"line":34,"column":21},"end":{"line":34,"column":29}},{"start":{"line":34,"column":33},"end":{"line":34,"column":39}}]},"5":{"loc":{"start":{"line":37,"column":4},"end":{"line":40,"column":5}},"type":"if","locations":[{"start":{"line":37,"column":4},"end":{"line":40,"column":5}}]},"6":{"loc":{"start":{"line":63,"column":2},"end":{"line":66,"column":3}},"type":"if","locations":[{"start":{"line":63,"column":2},"end":{"line":66,"column":3}}]},"7":{"loc":{"start":{"line":63,"column":6},"end":{"line":63,"column":28}},"type":"binary-expr","locations":[{"start":{"line":63,"column":6},"end":{"line":63,"column":15}},{"start":{"line":63,"column":19},"end":{"line":63,"column":28}}]},"8":{"loc":{"start":{"line":81,"column":4},"end":{"line":84,"column":5}},"type":"if","locations":[{"start":{"line":81,"column":4},"end":{"line":84,"column":5}}]},"9":{"loc":{"start":{"line":88,"column":4},"end":{"line":91,"column":5}},"type":"if","locations":[{"start":{"line":88,"column":4},"end":{"line":91,"column":5}}]}},"s":{"0":1,"1":1,"2":1,"3":1,"4":1,"5":1,"6":1,"7":1,"8":0,"9":0,"10":1,"11":1,"12":1,"13":1,"14":0,"15":0,"16":0,"17":0,"18":0,"19":0,"20":0,"21":0,"22":0,"23":0,"24":0,"25":0,"26":0,"27":1,"28":1,"29":1,"30":1,"31":1,"32":0,"33":0,"34":1,"35":1,"36":1,"37":1,"38":1,"39":1,"40":0,"41":0,"42":0,"43":0,"44":0,"45":0,"46":0,"47":1},"f":{"0":1,"1":1,"2":1,"3":1},"b":{"0":[0],"1":[1,1],"2":[1],"3":[0],"4":[0,0],"5":[0],"6":[0],"7":[1,1],"8":[1],"9":[0]}}
,"C:\\Projets Divers\\Workspace\\iSuivCump\\projects\\auth\\src\\controllers\\role.controller.ts": {"path":"C:\\Projets Divers\\Workspace\\iSuivCump\\projects\\auth\\src\\controllers\\role.controller.ts","statementMap":{"0":{"start":{"line":2,"column":0},"end":{"line":2,"column":38}},"1":{"start":{"line":5,"column":26},"end":{"line":21,"column":2}},"2":{"start":{"line":5,"column":79},"end":{"line":21,"column":2}},"3":{"start":{"line":6,"column":19},"end":{"line":6,"column":27}},"4":{"start":{"line":8,"column":2},"end":{"line":11,"column":3}},"5":{"start":{"line":9,"column":4},"end":{"line":9,"column":63}},"6":{"start":{"line":10,"column":4},"end":{"line":10,"column":11}},"7":{"start":{"line":13,"column":2},"end":{"line":20,"column":3}},"8":{"start":{"line":14,"column":17},"end":{"line":16,"column":6}},"9":{"start":{"line":17,"column":4},"end":{"line":17,"column":73}},"10":{"start":{"line":19,"column":4},"end":{"line":19,"column":87}},"11":{"start":{"line":5,"column":13},"end":{"line":5,"column":26}}},"fnMap":{"0":{"name":"(anonymous_8)","decl":{"start":{"line":5,"column":26},"end":{"line":5,"column":33}},"loc":{"start":{"line":5,"column":79},"end":{"line":21,"column":2}}},"1":{"name":"(anonymous_9)","decl":{"start":{"line":5,"column":79},"end":{"line":5,"column":null}},"loc":{"start":{"line":5,"column":79},"end":{"line":21,"column":1}}}},"branchMap":{"0":{"loc":{"start":{"line":8,"column":2},"end":{"line":11,"column":3}},"type":"if","locations":[{"start":{"line":8,"column":2},"end":{"line":11,"column":3}}]}},"s":{"0":1,"1":1,"2":0,"3":0,"4":0,"5":0,"6":0,"7":0,"8":0,"9":0,"10":0,"11":1},"f":{"0":0,"1":0},"b":{"0":[0]}}
,"C:\\Projets Divers\\Workspace\\iSuivCump\\projects\\auth\\src\\controllers\\user.controller.ts": {"path":"C:\\Projets Divers\\Workspace\\iSuivCump\\projects\\auth\\src\\controllers\\user.controller.ts","statementMap":{"0":{"start":{"line":2,"column":0},"end":{"line":2,"column":30}},"1":{"start":{"line":3,"column":0},"end":{"line":3,"column":43}},"2":{"start":{"line":4,"column":0},"end":{"line":4,"column":61}},"3":{"start":{"line":6,"column":27},"end":{"line":17,"column":null}},"4":{"start":{"line":6,"column":81},"end":{"line":17,"column":null}},"5":{"start":{"line":7,"column":2},"end":{"line":16,"column":3}},"6":{"start":{"line":8,"column":18},"end":{"line":12,"column":6}},"7":{"start":{"line":13,"column":4},"end":{"line":13,"column":32}},"8":{"start":{"line":15,"column":4},"end":{"line":15,"column":null}},"9":{"start":{"line":6,"column":13},"end":{"line":6,"column":27}},"10":{"start":{"line":20,"column":26},"end":{"line":60,"column":null}},"11":{"start":{"line":20,"column":80},"end":{"line":60,"column":null}},"12":{"start":{"line":21,"column":2},"end":{"line":59,"column":3}},"13":{"start":{"line":22,"column":19},"end":{"line":22,"column":29}},"14":{"start":{"line":23,"column":45},"end":{"line":23,"column":53}},"15":{"start":{"line":26,"column":101},"end":{"line":26,"column":103}},"16":{"start":{"line":27,"column":4},"end":{"line":29,"column":5}},"17":{"start":{"line":28,"column":6},"end":{"line":28,"column":37}},"18":{"start":{"line":30,"column":4},"end":{"line":37,"column":5}},"19":{"start":{"line":32,"column":6},"end":{"line":35,"column":7}},"20":{"start":{"line":33,"column":8},"end":{"line":33,"column":189}},"21":{"start":{"line":34,"column":8},"end":{"line":34,"column":15}},"22":{"start":{"line":36,"column":6},"end":{"line":36,"column":60}},"23":{"start":{"line":38,"column":4},"end":{"line":45,"column":5}},"24":{"start":{"line":39,"column":19},"end":{"line":39,"column":78}},"25":{"start":{"line":40,"column":6},"end":{"line":43,"column":7}},"26":{"start":{"line":41,"column":8},"end":{"line":41,"column":60}},"27":{"start":{"line":42,"column":8},"end":{"line":42,"column":15}},"28":{"start":{"line":44,"column":6},"end":{"line":44,"column":53}},"29":{"start":{"line":47,"column":24},"end":{"line":50,"column":6}},"30":{"start":{"line":52,"column":4},"end":{"line":52,"column":80}},"31":{"start":{"line":54,"column":4},"end":{"line":58,"column":5}},"32":{"start":{"line":55,"column":6},"end":{"line":55,"column":78}},"33":{"start":{"line":57,"column":6},"end":{"line":57,"column":64}},"34":{"start":{"line":20,"column":13},"end":{"line":20,"column":26}},"35":{"start":{"line":61,"column":26},"end":{"line":81,"column":2}},"36":{"start":{"line":61,"column":79},"end":{"line":81,"column":2}},"37":{"start":{"line":62,"column":17},"end":{"line":62,"column":27}},"38":{"start":{"line":64,"column":2},"end":{"line":67,"column":3}},"39":{"start":{"line":65,"column":4},"end":{"line":65,"column":56}},"40":{"start":{"line":66,"column":4},"end":{"line":66,"column":11}},"41":{"start":{"line":69,"column":2},"end":{"line":80,"column":3}},"42":{"start":{"line":70,"column":4},"end":{"line":72,"column":7}},"43":{"start":{"line":73,"column":4},"end":{"line":73,"column":67}},"44":{"start":{"line":75,"column":4},"end":{"line":79,"column":5}},"45":{"start":{"line":76,"column":6},"end":{"line":76,"column":78}},"46":{"start":{"line":78,"column":6},"end":{"line":78,"column":64}},"47":{"start":{"line":61,"column":13},"end":{"line":61,"column":26}}},"fnMap":{"0":{"name":"(anonymous_8)","decl":{"start":{"line":6,"column":27},"end":{"line":6,"column":34}},"loc":{"start":{"line":6,"column":81},"end":{"line":17,"column":null}}},"1":{"name":"(anonymous_9)","decl":{"start":{"line":6,"column":81},"end":{"line":6,"column":null}},"loc":{"start":{"line":6,"column":81},"end":{"line":17,"column":1}}},"2":{"name":"(anonymous_10)","decl":{"start":{"line":20,"column":26},"end":{"line":20,"column":33}},"loc":{"start":{"line":20,"column":80},"end":{"line":60,"column":null}}},"3":{"name":"(anonymous_11)","decl":{"start":{"line":20,"column":80},"end":{"line":20,"column":null}},"loc":{"start":{"line":20,"column":80},"end":{"line":60,"column":1}}},"4":{"name":"(anonymous_12)","decl":{"start":{"line":61,"column":26},"end":{"line":61,"column":33}},"loc":{"start":{"line":61,"column":79},"end":{"line":81,"column":2}}},"5":{"name":"(anonymous_13)","decl":{"start":{"line":61,"column":79},"end":{"line":61,"column":null}},"loc":{"start":{"line":61,"column":79},"end":{"line":81,"column":1}}}},"branchMap":{"0":{"loc":{"start":{"line":27,"column":4},"end":{"line":29,"column":5}},"type":"if","locations":[{"start":{"line":27,"column":4},"end":{"line":29,"column":5}}]},"1":{"loc":{"start":{"line":30,"column":4},"end":{"line":37,"column":5}},"type":"if","locations":[{"start":{"line":30,"column":4},"end":{"line":37,"column":5}}]},"2":{"loc":{"start":{"line":32,"column":6},"end":{"line":35,"column":7}},"type":"if","locations":[{"start":{"line":32,"column":6},"end":{"line":35,"column":7}}]},"3":{"loc":{"start":{"line":38,"column":4},"end":{"line":45,"column":5}},"type":"if","locations":[{"start":{"line":38,"column":4},"end":{"line":45,"column":5}}]},"4":{"loc":{"start":{"line":40,"column":6},"end":{"line":43,"column":7}},"type":"if","locations":[{"start":{"line":40,"column":6},"end":{"line":43,"column":7}}]},"5":{"loc":{"start":{"line":54,"column":4},"end":{"line":58,"column":5}},"type":"if","locations":[{"start":{"line":54,"column":4},"end":{"line":58,"column":5}},{"start":{"line":56,"column":11},"end":{"line":58,"column":5}}]},"6":{"loc":{"start":{"line":64,"column":2},"end":{"line":67,"column":3}},"type":"if","locations":[{"start":{"line":64,"column":2},"end":{"line":67,"column":3}}]},"7":{"loc":{"start":{"line":75,"column":4},"end":{"line":79,"column":5}},"type":"if","locations":[{"start":{"line":75,"column":4},"end":{"line":79,"column":5}},{"start":{"line":77,"column":11},"end":{"line":79,"column":5}}]}},"s":{"0":1,"1":1,"2":1,"3":1,"4":0,"5":0,"6":0,"7":0,"8":0,"9":1,"10":1,"11":0,"12":0,"13":0,"14":0,"15":0,"16":0,"17":0,"18":0,"19":0,"20":0,"21":0,"22":0,"23":0,"24":0,"25":0,"26":0,"27":0,"28":0,"29":0,"30":0,"31":0,"32":0,"33":0,"34":1,"35":1,"36":0,"37":0,"38":0,"39":0,"40":0,"41":0,"42":0,"43":0,"44":0,"45":0,"46":0,"47":1},"f":{"0":0,"1":0,"2":0,"3":0,"4":0,"5":0},"b":{"0":[0],"1":[0],"2":[0],"3":[0],"4":[0],"5":[0,0],"6":[0],"7":[0,0]}}
,"C:\\Projets Divers\\Workspace\\iSuivCump\\projects\\auth\\src\\middlewares\\checkRoles.ts": {"path":"C:\\Projets Divers\\Workspace\\iSuivCump\\projects\\auth\\src\\middlewares\\checkRoles.ts","statementMap":{"0":{"start":{"line":2,"column":0},"end":{"line":2,"column":38}},"1":{"start":{"line":3,"column":0},"end":{"line":3,"column":31}},"2":{"start":{"line":9,"column":25},"end":{"line":49,"column":1}},"3":{"start":{"line":10,"column":2},"end":{"line":48,"column":4}},"4":{"start":{"line":10,"column":82},"end":{"line":48,"column":4}},"5":{"start":{"line":11,"column":4},"end":{"line":47,"column":5}},"6":{"start":{"line":12,"column":25},"end":{"line":12,"column":50}},"7":{"start":{"line":13,"column":6},"end":{"line":16,"column":7}},"8":{"start":{"line":14,"column":8},"end":{"line":14,"column":74}},"9":{"start":{"line":15,"column":8},"end":{"line":15,"column":15}},"10":{"start":{"line":18,"column":20},"end":{"line":18,"column":44}},"11":{"start":{"line":19,"column":22},"end":{"line":19,"column":66}},"12":{"start":{"line":21,"column":6},"end":{"line":24,"column":7}},"13":{"start":{"line":22,"column":8},"end":{"line":22,"column":77}},"14":{"start":{"line":23,"column":8},"end":{"line":23,"column":15}},"15":{"start":{"line":26,"column":21},"end":{"line":26,"column":49}},"16":{"start":{"line":27,"column":6},"end":{"line":30,"column":7}},"17":{"start":{"line":28,"column":8},"end":{"line":28,"column":77}},"18":{"start":{"line":29,"column":8},"end":{"line":29,"column":15}},"19":{"start":{"line":33,"column":19},"end":{"line":36,"column":8}},"20":{"start":{"line":38,"column":6},"end":{"line":41,"column":7}},"21":{"start":{"line":39,"column":8},"end":{"line":39,"column":83}},"22":{"start":{"line":40,"column":8},"end":{"line":40,"column":15}},"23":{"start":{"line":44,"column":6},"end":{"line":44,"column":13}},"24":{"start":{"line":46,"column":6},"end":{"line":46,"column":75}},"25":{"start":{"line":9,"column":13},"end":{"line":9,"column":25}}},"fnMap":{"0":{"name":"(anonymous_8)","decl":{"start":{"line":9,"column":25},"end":{"line":9,"column":26}},"loc":{"start":{"line":9,"column":50},"end":{"line":49,"column":1}}},"1":{"name":"(anonymous_9)","decl":{"start":{"line":10,"column":9},"end":{"line":10,"column":16}},"loc":{"start":{"line":10,"column":82},"end":{"line":48,"column":4}}},"2":{"name":"(anonymous_10)","decl":{"start":{"line":10,"column":82},"end":{"line":10,"column":null}},"loc":{"start":{"line":10,"column":82},"end":{"line":48,"column":3}}}},"branchMap":{"0":{"loc":{"start":{"line":13,"column":6},"end":{"line":16,"column":7}},"type":"if","locations":[{"start":{"line":13,"column":6},"end":{"line":16,"column":7}}]},"1":{"loc":{"start":{"line":21,"column":6},"end":{"line":24,"column":7}},"type":"if","locations":[{"start":{"line":21,"column":6},"end":{"line":24,"column":7}}]},"2":{"loc":{"start":{"line":21,"column":10},"end":{"line":21,"column":37}},"type":"binary-expr","locations":[{"start":{"line":21,"column":10},"end":{"line":21,"column":18}},{"start":{"line":21,"column":22},"end":{"line":21,"column":37}}]},"3":{"loc":{"start":{"line":27,"column":6},"end":{"line":30,"column":7}},"type":"if","locations":[{"start":{"line":27,"column":6},"end":{"line":30,"column":7}}]},"4":{"loc":{"start":{"line":38,"column":6},"end":{"line":41,"column":7}},"type":"if","locations":[{"start":{"line":38,"column":6},"end":{"line":41,"column":7}}]},"5":{"loc":{"start":{"line":38,"column":10},"end":{"line":38,"column":51}},"type":"binary-expr","locations":[{"start":{"line":38,"column":10},"end":{"line":38,"column":15}},{"start":{"line":38,"column":19},"end":{"line":38,"column":51}}]},"6":{"loc":{"start":{"line":38,"column":19},"end":{"line":38,"column":34}},"type":"cond-expr","locations":[{"start":{"line":38,"column":28},"end":{"line":38,"column":30}},{"start":{"line":38,"column":28},"end":{"line":38,"column":34}}]},"7":{"loc":{"start":{"line":38,"column":19},"end":{"line":38,"column":30}},"type":"binary-expr","locations":[{"start":{"line":38,"column":19},"end":{"line":38,"column":30}},{"start":{"line":38,"column":28},"end":{"line":38,"column":30}}]}},"s":{"0":1,"1":1,"2":1,"3":4,"4":0,"5":0,"6":0,"7":0,"8":0,"9":0,"10":0,"11":0,"12":0,"13":0,"14":0,"15":0,"16":0,"17":0,"18":0,"19":0,"20":0,"21":0,"22":0,"23":0,"24":0,"25":1},"f":{"0":4,"1":0,"2":0},"b":{"0":[0],"1":[0],"2":[0,0],"3":[0],"4":[0],"5":[0,0],"6":[0,0],"7":[0,0]}}
,"C:\\Projets Divers\\Workspace\\iSuivCump\\projects\\auth\\src\\middlewares\\jsonErrorHandler.ts": {"path":"C:\\Projets Divers\\Workspace\\iSuivCump\\projects\\auth\\src\\middlewares\\jsonErrorHandler.ts","statementMap":{"0":{"start":{"line":3,"column":0},"end":{"line":3,"column":30}},"1":{"start":{"line":6,"column":13},"end":{"line":16,"column":3}},"2":{"start":{"line":10,"column":4},"end":{"line":14,"column":5}},"3":{"start":{"line":11,"column":6},"end":{"line":11,"column":59}},"4":{"start":{"line":13,"column":6},"end":{"line":13,"column":51}},"5":{"start":{"line":19,"column":38},"end":{"line":30,"column":1}},"6":{"start":{"line":20,"column":2},"end":{"line":23,"column":3}},"7":{"start":{"line":21,"column":4},"end":{"line":21,"column":77}},"8":{"start":{"line":22,"column":4},"end":{"line":22,"column":11}},"9":{"start":{"line":24,"column":2},"end":{"line":24,"column":12}},"10":{"start":{"line":25,"column":2},"end":{"line":29,"column":3}},"11":{"start":{"line":26,"column":4},"end":{"line":26,"column":77}},"12":{"start":{"line":28,"column":4},"end":{"line":28,"column":14}},"13":{"start":{"line":19,"column":13},"end":{"line":19,"column":38}},"14":{"start":{"line":33,"column":34},"end":{"line":42,"column":1}},"15":{"start":{"line":34,"column":2},"end":{"line":38,"column":3}},"16":{"start":{"line":35,"column":4},"end":{"line":35,"column":23}},"17":{"start":{"line":36,"column":4},"end":{"line":36,"column":83}},"18":{"start":{"line":37,"column":4},"end":{"line":37,"column":11}},"19":{"start":{"line":39,"column":2},"end":{"line":39,"column":9}},"20":{"start":{"line":40,"column":2},"end":{"line":40,"column":21}},"21":{"start":{"line":41,"column":2},"end":{"line":41,"column":92}},"22":{"start":{"line":33,"column":13},"end":{"line":33,"column":34}}},"fnMap":{"0":{"name":"(anonymous_1)","decl":{"start":{"line":9,"column":10},"end":{"line":9,"column":11}},"loc":{"start":{"line":9,"column":38},"end":{"line":15,"column":3}}},"1":{"name":"(anonymous_2)","decl":{"start":{"line":19,"column":38},"end":{"line":19,"column":39}},"loc":{"start":{"line":19,"column":104},"end":{"line":30,"column":1}}},"2":{"name":"(anonymous_3)","decl":{"start":{"line":33,"column":34},"end":{"line":33,"column":35}},"loc":{"start":{"line":33,"column":100},"end":{"line":42,"column":1}}}},"branchMap":{"0":{"loc":{"start":{"line":20,"column":2},"end":{"line":23,"column":3}},"type":"if","locations":[{"start":{"line":20,"column":2},"end":{"line":23,"column":3}}]},"1":{"loc":{"start":{"line":20,"column":6},"end":{"line":20,"column":67}},"type":"binary-expr","locations":[{"start":{"line":20,"column":6},"end":{"line":20,"column":26}},{"start":{"line":20,"column":30},"end":{"line":20,"column":67}}]},"2":{"loc":{"start":{"line":25,"column":2},"end":{"line":29,"column":3}},"type":"if","locations":[{"start":{"line":25,"column":2},"end":{"line":29,"column":3}},{"start":{"line":27,"column":9},"end":{"line":29,"column":3}}]},"3":{"loc":{"start":{"line":25,"column":6},"end":{"line":25,"column":73}},"type":"binary-expr","locations":[{"start":{"line":25,"column":6},"end":{"line":25,"column":32}},{"start":{"line":25,"column":36},"end":{"line":25,"column":73}}]},"4":{"loc":{"start":{"line":34,"column":2},"end":{"line":38,"column":3}},"type":"if","locations":[{"start":{"line":34,"column":2},"end":{"line":38,"column":3}}]}},"s":{"0":1,"1":1,"2":2,"3":2,"4":0,"5":1,"6":0,"7":0,"8":0,"9":0,"10":0,"11":0,"12":0,"13":1,"14":1,"15":0,"16":0,"17":0,"18":0,"19":0,"20":0,"21":0,"22":1},"f":{"0":2,"1":0,"2":0},"b":{"0":[0],"1":[0,0],"2":[0,0],"3":[0,0],"4":[0]}}
,"C:\\Projets Divers\\Workspace\\iSuivCump\\projects\\auth\\src\\middlewares\\prisma.ts": {"path":"C:\\Projets Divers\\Workspace\\iSuivCump\\projects\\auth\\src\\middlewares\\prisma.ts","statementMap":{"0":{"start":{"line":2,"column":0},"end":{"line":2,"column":46}},"1":{"start":{"line":4,"column":15},"end":{"line":4,"column":33}},"2":{"start":{"line":7,"column":0},"end":{"line":21,"column":3}},"3":{"start":{"line":7,"column":35},"end":{"line":21,"column":2}},"4":{"start":{"line":8,"column":17},"end":{"line":8,"column":35}},"5":{"start":{"line":11,"column":2},"end":{"line":18,"column":3}},"6":{"start":{"line":12,"column":4},"end":{"line":17,"column":5}},"7":{"start":{"line":13,"column":6},"end":{"line":13,"column":57}},"8":{"start":{"line":13,"column":35},"end":{"line":13,"column":40}},"9":{"start":{"line":13,"column":44},"end":{"line":13,"column":48}},"10":{"start":{"line":13,"column":51},"end":{"line":13,"column":56}},"11":{"start":{"line":14,"column":11},"end":{"line":17,"column":5}},"12":{"start":{"line":15,"column":36},"end":{"line":15,"column":42}},"13":{"start":{"line":15,"column":31},"end":{"line":15,"column":36}},"14":{"start":{"line":16,"column":6},"end":{"line":16,"column":18}},"15":{"start":{"line":20,"column":2},"end":{"line":20,"column":16}},"16":{"start":{"line":24,"column":0},"end":{"line":24,"column":22}}},"fnMap":{"0":{"name":"(anonymous_8)","decl":{"start":{"line":7,"column":12},"end":{"line":7,"column":19}},"loc":{"start":{"line":7,"column":35},"end":{"line":21,"column":2}}},"1":{"name":"(anonymous_9)","decl":{"start":{"line":7,"column":35},"end":{"line":7,"column":null}},"loc":{"start":{"line":7,"column":35},"end":{"line":21,"column":1}}},"2":{"name":"(anonymous_10)","decl":{"start":{"line":13,"column":24},"end":{"line":13,"column":25}},"loc":{"start":{"line":13,"column":50},"end":{"line":13,"column":56}}}},"branchMap":{"0":{"loc":{"start":{"line":11,"column":2},"end":{"line":18,"column":3}},"type":"if","locations":[{"start":{"line":11,"column":2},"end":{"line":18,"column":3}}]},"1":{"loc":{"start":{"line":11,"column":6},"end":{"line":11,"column":63}},"type":"binary-expr","locations":[{"start":{"line":11,"column":6},"end":{"line":11,"column":29}},{"start":{"line":11,"column":33},"end":{"line":11,"column":63}}]},"2":{"loc":{"start":{"line":12,"column":4},"end":{"line":17,"column":5}},"type":"if","locations":[{"start":{"line":12,"column":4},"end":{"line":17,"column":5}},{"start":{"line":14,"column":11},"end":{"line":17,"column":5}}]},"3":{"loc":{"start":{"line":14,"column":11},"end":{"line":17,"column":5}},"type":"if","locations":[{"start":{"line":14,"column":11},"end":{"line":17,"column":5}}]},"4":{"loc":{"start":{"line":14,"column":15},"end":{"line":14,"column":51}},"type":"binary-expr","locations":[{"start":{"line":14,"column":15},"end":{"line":14,"column":21}},{"start":{"line":14,"column":25},"end":{"line":14,"column":51}}]}},"s":{"0":1,"1":1,"2":1,"3":1,"4":1,"5":1,"6":0,"7":0,"8":0,"9":0,"10":0,"11":0,"12":0,"13":0,"14":0,"15":1,"16":1},"f":{"0":1,"1":1,"2":0},"b":{"0":[0],"1":[1,1],"2":[0,0],"3":[0],"4":[0,0]}}
,"C:\\Projets Divers\\Workspace\\iSuivCump\\projects\\auth\\src\\routes\\auth.routes.ts": {"path":"C:\\Projets Divers\\Workspace\\iSuivCump\\projects\\auth\\src\\routes\\auth.routes.ts","statementMap":{"0":{"start":{"line":1,"column":0},"end":{"line":1,"column":33}},"1":{"start":{"line":2,"column":0},"end":{"line":2,"column":64}},"2":{"start":{"line":3,"column":15},"end":{"line":3,"column":23}},"3":{"start":{"line":35,"column":0},"end":{"line":35,"column":35}},"4":{"start":{"line":60,"column":0},"end":{"line":60,"column":29}},"5":{"start":{"line":62,"column":0},"end":{"line":62,"column":22}}},"fnMap":{},"branchMap":{},"s":{"0":1,"1":1,"2":1,"3":1,"4":1,"5":1},"f":{},"b":{}}
,"C:\\Projets Divers\\Workspace\\iSuivCump\\projects\\auth\\src\\routes\\role.routes.ts": {"path":"C:\\Projets Divers\\Workspace\\iSuivCump\\projects\\auth\\src\\routes\\role.routes.ts","statementMap":{"0":{"start":{"line":1,"column":0},"end":{"line":1,"column":33}},"1":{"start":{"line":2,"column":0},"end":{"line":2,"column":60}},"2":{"start":{"line":3,"column":0},"end":{"line":3,"column":54}},"3":{"start":{"line":5,"column":15},"end":{"line":5,"column":23}},"4":{"start":{"line":35,"column":0},"end":{"line":35,"column":49}},"5":{"start":{"line":37,"column":0},"end":{"line":37,"column":22}}},"fnMap":{},"branchMap":{},"s":{"0":1,"1":1,"2":1,"3":1,"4":1,"5":1},"f":{},"b":{}}
,"C:\\Projets Divers\\Workspace\\iSuivCump\\projects\\auth\\src\\routes\\user.routes.ts": {"path":"C:\\Projets Divers\\Workspace\\iSuivCump\\projects\\auth\\src\\routes\\user.routes.ts","statementMap":{"0":{"start":{"line":1,"column":0},"end":{"line":1,"column":33}},"1":{"start":{"line":2,"column":0},"end":{"line":2,"column":85}},"2":{"start":{"line":3,"column":0},"end":{"line":3,"column":54}},"3":{"start":{"line":4,"column":15},"end":{"line":4,"column":23}},"4":{"start":{"line":29,"column":0},"end":{"line":29,"column":47}},"5":{"start":{"line":67,"column":0},"end":{"line":67,"column":49}},"6":{"start":{"line":91,"column":0},"end":{"line":91,"column":61}},"7":{"start":{"line":93,"column":0},"end":{"line":93,"column":22}}},"fnMap":{},"branchMap":{},"s":{"0":1,"1":1,"2":1,"3":1,"4":1,"5":1,"6":1,"7":1},"f":{},"b":{}}
,"C:\\Projets Divers\\Workspace\\iSuivCump\\projects\\auth\\src\\utils\\validatePassword.ts": {"path":"C:\\Projets Divers\\Workspace\\iSuivCump\\projects\\auth\\src\\utils\\validatePassword.ts","statementMap":{"0":{"start":{"line":1,"column":32},"end":{"line":18,"column":1}},"1":{"start":{"line":2,"column":2},"end":{"line":4,"column":3}},"2":{"start":{"line":3,"column":4},"end":{"line":3,"column":57}},"3":{"start":{"line":5,"column":2},"end":{"line":7,"column":3}},"4":{"start":{"line":6,"column":4},"end":{"line":6,"column":65}},"5":{"start":{"line":8,"column":2},"end":{"line":10,"column":3}},"6":{"start":{"line":9,"column":4},"end":{"line":9,"column":65}},"7":{"start":{"line":11,"column":2},"end":{"line":13,"column":3}},"8":{"start":{"line":12,"column":4},"end":{"line":12,"column":55}},"9":{"start":{"line":14,"column":2},"end":{"line":16,"column":3}},"10":{"start":{"line":15,"column":4},"end":{"line":15,"column":66}},"11":{"start":{"line":17,"column":2},"end":{"line":17,"column":14}},"12":{"start":{"line":1,"column":13},"end":{"line":1,"column":32}}},"fnMap":{"0":{"name":"(anonymous_0)","decl":{"start":{"line":1,"column":32},"end":{"line":1,"column":33}},"loc":{"start":{"line":1,"column":68},"end":{"line":18,"column":1}}}},"branchMap":{"0":{"loc":{"start":{"line":2,"column":2},"end":{"line":4,"column":3}},"type":"if","locations":[{"start":{"line":2,"column":2},"end":{"line":4,"column":3}}]},"1":{"loc":{"start":{"line":5,"column":2},"end":{"line":7,"column":3}},"type":"if","locations":[{"start":{"line":5,"column":2},"end":{"line":7,"column":3}}]},"2":{"loc":{"start":{"line":8,"column":2},"end":{"line":10,"column":3}},"type":"if","locations":[{"start":{"line":8,"column":2},"end":{"line":10,"column":3}}]},"3":{"loc":{"start":{"line":11,"column":2},"end":{"line":13,"column":3}},"type":"if","locations":[{"start":{"line":11,"column":2},"end":{"line":13,"column":3}}]},"4":{"loc":{"start":{"line":14,"column":2},"end":{"line":16,"column":3}},"type":"if","locations":[{"start":{"line":14,"column":2},"end":{"line":16,"column":3}}]}},"s":{"0":1,"1":1,"2":0,"3":1,"4":0,"5":1,"6":0,"7":1,"8":0,"9":1,"10":1,"11":0,"12":1},"f":{"0":1},"b":{"0":[0],"1":[0],"2":[0],"3":[0],"4":[1]}}
}
