TN:
SF:src\index.ts
FN:55,(anonymous_1)
FNF:1
FNH:0
FNDA:0,(anonymous_1)
DA:1,3
DA:2,3
DA:3,3
DA:4,3
DA:5,3
DA:6,3
DA:8,3
DA:9,3
DA:11,3
DA:14,3
DA:45,3
DA:46,3
DA:49,3
DA:50,3
DA:51,3
DA:54,3
DA:55,0
DA:56,0
DA:57,0
DA:61,3
LF:20
LH:17
BRDA:9,0,0,3
BRDA:9,0,1,3
BRDA:54,1,0,0
BRF:3
BRH:2
end_of_record
TN:
SF:src\config\prisma.ts
FNF:0
FNH:0
DA:1,3
DA:3,3
DA:4,3
LF:3
LH:3
BRF:0
BRH:0
end_of_record
TN:
SF:src\controllers\auth.controller.ts
FN:6,(anonymous_8)
FN:6,(anonymous_9)
FN:62,(anonymous_10)
FN:62,(anonymous_11)
FNF:4
FNH:4
FNDA:1,(anonymous_8)
FNDA:1,(anonymous_9)
FNDA:4,(anonymous_10)
FNDA:4,(anonymous_11)
DA:2,3
DA:3,3
DA:4,3
DA:5,3
DA:6,3
DA:7,1
DA:9,1
DA:10,0
DA:11,0
DA:15,1
DA:16,1
DA:17,0
DA:18,0
DA:21,1
DA:23,1
DA:27,1
DA:28,0
DA:29,0
DA:33,1
DA:37,1
DA:38,0
DA:39,0
DA:43,1
DA:44,1
DA:53,1
DA:54,1
DA:56,0
DA:57,0
DA:62,4
DA:63,4
DA:65,4
DA:66,0
DA:67,0
DA:70,4
DA:72,4
DA:82,4
DA:83,1
DA:84,1
DA:88,3
DA:89,3
DA:90,0
DA:91,0
DA:95,3
DA:96,3
DA:97,3
DA:99,0
DA:100,0
LF:47
LH:31
BRDA:9,0,0,0
BRDA:9,1,0,1
BRDA:9,1,1,1
BRDA:16,2,0,0
BRDA:27,3,0,0
BRDA:37,4,0,0
BRDA:65,5,0,0
BRDA:65,6,0,4
BRDA:65,6,1,4
BRDA:82,7,0,1
BRDA:89,8,0,0
BRF:11
BRH:5
end_of_record
TN:
SF:src\controllers\role.controller.ts
FN:5,(anonymous_8)
FN:5,(anonymous_9)
FN:35,(anonymous_10)
FN:35,(anonymous_11)
FN:63,(anonymous_12)
FN:63,(anonymous_13)
FNF:6
FNH:2
FNDA:1,(anonymous_8)
FNDA:1,(anonymous_9)
FNDA:0,(anonymous_10)
FNDA:0,(anonymous_11)
FNDA:0,(anonymous_12)
FNDA:0,(anonymous_13)
DA:2,3
DA:5,3
DA:6,1
DA:8,1
DA:9,0
DA:10,0
DA:13,1
DA:14,1
DA:18,1
DA:19,0
DA:20,0
DA:23,1
DA:26,1
DA:27,1
DA:29,0
DA:30,0
DA:35,3
DA:36,0
DA:37,0
DA:39,0
DA:40,0
DA:41,0
DA:44,0
DA:45,0
DA:49,0
DA:50,0
DA:52,0
DA:53,0
DA:54,0
DA:56,0
DA:57,0
DA:63,3
DA:64,0
DA:66,0
DA:67,0
DA:68,0
DA:71,0
DA:72,0
DA:75,0
DA:76,0
DA:78,0
DA:79,0
DA:80,0
DA:82,0
DA:83,0
LF:45
LH:12
BRDA:8,0,0,0
BRDA:18,1,0,0
BRDA:39,2,0,0
BRDA:39,3,0,0
BRDA:39,3,1,0
BRDA:52,4,0,0
BRDA:52,4,1,0
BRDA:66,5,0,0
BRDA:78,6,0,0
BRDA:78,6,1,0
BRF:10
BRH:0
end_of_record
TN:
SF:src\controllers\user.controller.ts
FN:6,(anonymous_8)
FN:6,(anonymous_9)
FN:22,(anonymous_10)
FN:22,(anonymous_11)
FN:66,(anonymous_12)
FN:66,(anonymous_13)
FN:91,(anonymous_14)
FN:91,(anonymous_15)
FNF:8
FNH:8
FNDA:1,(anonymous_8)
FNDA:1,(anonymous_9)
FNDA:1,(anonymous_10)
FNDA:1,(anonymous_11)
FNDA:1,(anonymous_12)
FNDA:1,(anonymous_13)
FNDA:2,(anonymous_14)
FNDA:2,(anonymous_15)
DA:2,3
DA:3,3
DA:4,3
DA:6,3
DA:7,1
DA:8,1
DA:13,1
DA:14,1
DA:16,0
DA:17,0
DA:22,3
DA:23,1
DA:24,1
DA:25,1
DA:28,1
DA:29,1
DA:30,1
DA:32,1
DA:34,0
DA:35,0
DA:36,0
DA:38,0
DA:40,1
DA:41,0
DA:42,0
DA:43,0
DA:44,0
DA:46,0
DA:49,1
DA:54,1
DA:55,1
DA:57,0
DA:58,0
DA:59,0
DA:61,0
DA:62,0
DA:66,3
DA:67,1
DA:69,1
DA:70,0
DA:71,0
DA:74,1
DA:75,1
DA:78,1
DA:79,1
DA:81,0
DA:82,0
DA:83,0
DA:85,0
DA:86,0
DA:91,3
DA:92,2
DA:94,2
DA:95,2
DA:99,2
DA:100,2
DA:102,0
DA:103,0
DA:104,0
DA:106,0
DA:107,0
LF:61
LH:33
BRDA:29,0,0,1
BRDA:32,1,0,0
BRDA:34,2,0,0
BRDA:40,3,0,0
BRDA:42,4,0,0
BRDA:57,5,0,0
BRDA:57,5,1,0
BRDA:69,6,0,0
BRDA:81,7,0,0
BRDA:81,7,1,0
BRDA:102,8,0,0
BRDA:102,8,1,0
BRF:12
BRH:1
end_of_record
TN:
SF:src\middlewares\checkRoles.ts
FN:9,(anonymous_8)
FN:10,(anonymous_9)
FN:10,(anonymous_10)
FN:53,(anonymous_11)
FN:54,(anonymous_12)
FN:54,(anonymous_13)
FNF:6
FNH:6
FNDA:18,(anonymous_8)
FNDA:4,(anonymous_9)
FNDA:4,(anonymous_10)
FNDA:3,(anonymous_11)
FNDA:2,(anonymous_12)
FNDA:2,(anonymous_13)
DA:2,3
DA:3,3
DA:9,3
DA:10,18
DA:11,4
DA:12,4
DA:13,4
DA:14,0
DA:15,0
DA:18,4
DA:19,4
DA:21,4
DA:22,0
DA:23,0
DA:26,4
DA:27,4
DA:28,0
DA:29,0
DA:33,4
DA:38,4
DA:39,0
DA:40,0
DA:44,4
DA:46,0
DA:47,0
DA:53,3
DA:54,3
DA:55,2
DA:56,2
DA:57,2
DA:58,0
DA:59,0
DA:62,2
DA:63,2
DA:65,2
DA:67,2
DA:68,0
DA:69,0
DA:72,2
DA:73,2
DA:74,0
DA:75,0
DA:79,2
DA:85,2
DA:86,0
DA:87,0
DA:91,2
DA:93,0
DA:94,0
LF:49
LH:29
BRDA:13,0,0,0
BRDA:21,1,0,0
BRDA:21,2,0,4
BRDA:21,2,1,4
BRDA:27,3,0,0
BRDA:38,4,0,0
BRDA:38,5,0,4
BRDA:38,5,1,4
BRDA:38,6,0,0
BRDA:38,6,1,4
BRDA:38,7,0,4
BRDA:38,7,1,4
BRDA:57,8,0,0
BRDA:67,9,0,0
BRDA:67,10,0,2
BRDA:67,10,1,2
BRDA:73,11,0,0
BRDA:85,12,0,0
BRDA:85,13,0,2
BRDA:85,13,1,2
BRDA:85,13,2,1
BRDA:85,14,0,0
BRDA:85,14,1,2
BRDA:85,15,0,2
BRDA:85,15,1,2
BRF:25
BRH:15
end_of_record
TN:
SF:src\middlewares\prisma.ts
FN:7,(anonymous_8)
FN:7,(anonymous_9)
FN:13,(anonymous_10)
FNF:3
FNH:3
FNDA:23,(anonymous_8)
FNDA:23,(anonymous_9)
FNDA:7,(anonymous_10)
DA:2,3
DA:4,3
DA:7,23
DA:8,23
DA:11,23
DA:12,15
DA:13,7
DA:14,14
DA:15,14
DA:16,14
DA:20,8
DA:24,3
LF:12
LH:12
BRDA:11,0,0,15
BRDA:11,1,0,23
BRDA:11,1,1,20
BRDA:12,2,0,1
BRDA:12,2,1,14
BRDA:14,3,0,14
BRDA:14,4,0,14
BRDA:14,4,1,14
BRF:8
BRH:8
end_of_record
TN:
SF:src\routes\auth.routes.ts
FNF:0
FNH:0
DA:1,3
DA:2,3
DA:3,3
DA:35,3
DA:60,3
DA:62,3
LF:6
LH:6
BRF:0
BRH:0
end_of_record
TN:
SF:src\routes\role.routes.ts
FNF:0
FNH:0
DA:1,3
DA:2,3
DA:3,3
DA:5,3
DA:35,3
DA:89,3
DA:124,3
DA:125,3
LF:8
LH:8
BRF:0
BRH:0
end_of_record
TN:
SF:src\routes\user.routes.ts
FNF:0
FNH:0
DA:1,3
DA:2,3
DA:3,3
DA:4,3
DA:29,3
DA:67,3
DA:91,3
DA:112,3
DA:114,3
LF:9
LH:9
BRF:0
BRH:0
end_of_record
TN:
SF:src\utils\validatePassword.ts
FN:1,(anonymous_0)
FNF:1
FNH:1
FNDA:1,(anonymous_0)
DA:1,3
DA:2,1
DA:3,0
DA:5,1
DA:6,0
DA:8,1
DA:9,0
DA:11,1
DA:12,0
DA:14,1
DA:15,0
DA:17,1
LF:12
LH:7
BRDA:2,0,0,0
BRDA:5,1,0,0
BRDA:8,2,0,0
BRDA:11,3,0,0
BRDA:14,4,0,0
BRF:5
BRH:0
end_of_record
